#
# A fatal error has been detected by the Java Runtime Environment:
#
#  EXCEPTION_ACCESS_VIOLATION (0xc0000005) at pc=0x0000000052ec33b7, pid=7252, tid=6772
#
# JRE version: Java(TM) SE Runtime Environment (8.0_05-b13) (build 1.8.0_05-b13)
# Java VM: Java HotSpot(TM) 64-Bit Server VM (25.5-b02 mixed mode windows-amd64 compressed oops)
# Problematic frame:
# V  [jvm.dll+0x1333b7]
#
# Failed to write core dump. Minidumps are not enabled by default on client versions of Windows
#
# If you would like to submit a bug report, please visit:
#   http://bugreport.sun.com/bugreport/crash.jsp
#

---------------  T H R E A D  ---------------

Current thread (0x0000000018fd5000):  JavaThread "Thread-1" [_thread_in_vm, id=6772, stack(0x0000000019660000,0x0000000019760000)]

siginfo: ExceptionCode=0xc0000005, reading address 0x0000000000000009

Registers:
RAX=0x0000000000000000, RBX=0x0000000018fd5000, RCX=0x0000000000000500, RDX=0x0000000000000001
RSP=0x000000001975ea20, RBP=0x0000000000000017, RSI=0x0000000018f87ea8, RDI=0x0000000000000000
R8 =0x0000000000000052, R9 =0x0000000081a05518, R10=0x0000000000000008, R11=0x00000000534d37b0
R12=0x000000001975eb88, R13=0x0000000000000052, R14=0x0000000018fd51e0, R15=0x000000001975f4b8
RIP=0x0000000052ec33b7, EFLAGS=0x0000000000010202

Top of Stack: (sp=0x000000001975ea20)
0x000000001975ea20:   000000001975f4b8 0000000018fd5000
0x000000001975ea30:   0000000000000018 0000000018fd5000
0x000000001975ea40:   000000000000000c 0000000018fd5000
0x000000001975ea50:   0000000018fd5000 0000000000000000
0x000000001975ea60:   0000000018fd5000 0000000000000000
0x000000001975ea70:   000000001975f4d8 000000001975eaf8
0x000000001975ea80:   000000001975f4b8 0000000052d1c94b
0x000000001975ea90:   0000000000000017 0000000018fd51e0
0x000000001975eaa0:   000000001975eb88 000000000000cda0
0x000000001975eab0:   000000001975eb88 000000000000cda0
0x000000001975eac0:   0000000018fd51e0 0000000052d1d7ef
0x000000001975ead0:   0000000000000000 0000000000000000
0x000000001975eae0:   000000001975ec40 0000000018fd51e0
0x000000001975eaf0:   000000001975eb80 0000000018f896f0
0x000000001975eb00:   0000000018f896f0 00009af65a19bac3
0x000000001975eb10:   0000000018fd5000 000000001975f4d0 

Instructions: (pc=0x0000000052ec33b7)
0x0000000052ec3397:   74 0a 48 8d 4c 24 30 e8 ed 8b 12 00 40 38 3d 4f
0x0000000052ec33a7:   4f 67 00 48 8b 16 4c 89 a4 24 80 00 00 00 74 16
0x0000000052ec33b7:   44 8b 62 08 8b 0d 97 fe 60 00 49 d3 e4 4c 03 25
0x0000000052ec33c7:   85 fe 60 00 eb 04 4c 8b 62 08 49 8b ed 48 c1 ed 


Register to memory mapping:

RAX=0x0000000000000000 is an unknown value
RBX=0x0000000018fd5000 is a thread
RCX=0x0000000000000500 is an unknown value
RDX=0x0000000000000001 is an unknown value
RSP=0x000000001975ea20 is pointing into the stack for thread: 0x0000000018fd5000
RBP=0x0000000000000017 is an unknown value
RSI=0x0000000018f87ea8 is an unknown value
RDI=0x0000000000000000 is an unknown value
R8 =0x0000000000000052 is an unknown value
R9 =0x0000000081a05518 is an oop
java.net.InetAddress$InetAddressHolder 
 - klass: 'java/net/InetAddress$InetAddressHolder'
R10=0x0000000000000008 is an unknown value
R11=0x00000000534d37b0 is an unknown value
R12=0x000000001975eb88 is pointing into the stack for thread: 0x0000000018fd5000
R13=0x0000000000000052 is an unknown value
R14=0x0000000018fd51e0 is an unknown value
R15=0x000000001975f4b8 is pointing into the stack for thread: 0x0000000018fd5000


Stack: [0x0000000019660000,0x0000000019760000],  sp=0x000000001975ea20,  free space=1018k
Native frames: (J=compiled Java code, j=interpreted, Vv=VM code, C=native code)
V  [jvm.dll+0x1333b7]
C  [net.dll+0xc94b]
C  [net.dll+0xd7ef]
C  [net.dll+0x2099]
C  0x0000000002bb51ae

Java frames: (J=compiled Java code, j=interpreted, Vv=VM code)
j  java.net.DualStackPlainDatagramSocketImpl.socketSend(I[BIILjava/net/InetAddress;IZ)V+0
j  java.net.DualStackPlainDatagramSocketImpl.send(Ljava/net/DatagramPacket;)V+68
j  java.net.DatagramSocket.send(Ljava/net/DatagramPacket;)V+175
j  com.example.bcast.RtcpServer.run()V+95
v  ~StubRoutines::call_stub

---------------  P R O C E S S  ---------------

Java Threads: ( => current thread )
  0x0000000019075000 JavaThread "Thread-5" [_thread_in_Java, id=7668, stack(0x0000000019960000,0x0000000019a60000)]
  0x0000000002aa0800 JavaThread "DestroyJavaVM" [_thread_blocked, id=8452, stack(0x00000000029a0000,0x0000000002aa0000)]
  0x0000000018ff0000 JavaThread "Thread-3" [_thread_in_native, id=6992, stack(0x0000000019860000,0x0000000019960000)]
  0x0000000018fef800 JavaThread "Thread-2" [_thread_in_native, id=7748, stack(0x0000000019760000,0x0000000019860000)]
=>0x0000000018fd5000 JavaThread "Thread-1" [_thread_in_vm, id=6772, stack(0x0000000019660000,0x0000000019760000)]
  0x0000000018fdb000 JavaThread "Thread-0" [_thread_in_native, id=5560, stack(0x0000000019560000,0x0000000019660000)]
  0x0000000018f75800 JavaThread "Service Thread" daemon [_thread_blocked, id=9036, stack(0x0000000019360000,0x0000000019460000)]
  0x0000000017718800 JavaThread "C1 CompilerThread2" daemon [_thread_blocked, id=8088, stack(0x0000000018e60000,0x0000000018f60000)]
  0x0000000017714000 JavaThread "C2 CompilerThread1" daemon [_thread_blocked, id=1456, stack(0x0000000018d60000,0x0000000018e60000)]
  0x000000001770f000 JavaThread "C2 CompilerThread0" daemon [_thread_blocked, id=8880, stack(0x0000000018c60000,0x0000000018d60000)]
  0x000000001770a800 JavaThread "Attach Listener" daemon [_thread_blocked, id=6680, stack(0x0000000018b60000,0x0000000018c60000)]
  0x0000000017709800 JavaThread "Signal Dispatcher" daemon [_thread_blocked, id=6960, stack(0x0000000018a60000,0x0000000018b60000)]
  0x0000000002b92800 JavaThread "Finalizer" daemon [_thread_blocked, id=3948, stack(0x0000000018960000,0x0000000018a60000)]
  0x0000000002b89000 JavaThread "Reference Handler" daemon [_thread_blocked, id=8032, stack(0x0000000018860000,0x0000000018960000)]

Other Threads:
  0x00000000176d5000 VMThread [stack: 0x0000000018760000,0x0000000018860000] [id=908]
  0x0000000018f7e000 WatcherThread [stack: 0x0000000019460000,0x0000000019560000] [id=7560]

VM state:not at safepoint (normal execution)

VM Mutex/Monitor currently owned by a thread: None

Heap:
 PSYoungGen      total 1024K, used 736K [0x00000000d5e00000, 0x00000000d6000000, 0x0000000100000000)
  eden space 512K, 47% used [0x00000000d5e00000,0x00000000d5e3c330,0x00000000d5e80000)
  from space 512K, 96% used [0x00000000d5f80000,0x00000000d5ffc010,0x00000000d6000000)
  to   space 512K, 0% used [0x00000000d5e80000,0x00000000d5e80000,0x00000000d5f00000)
 ParOldGen       total 129536K, used 40K [0x0000000081a00000, 0x0000000089880000, 0x00000000d5e00000)
  object space 129536K, 0% used [0x0000000081a00000,0x0000000081a0a000,0x0000000089880000)
 Metaspace       used 3508K, capacity 4648K, committed 4864K, reserved 1056768K
  class space    used 406K, capacity 437K, committed 512K, reserved 1048576K

Card table byte_map: [0x0000000011f60000,0x0000000012360000] byte_map_base: 0x0000000011b53000

Marking Bits: (ParMarkBitMap*) 0x00000000535413b0
 Begin Bits: [0x0000000012a10000, 0x00000000149a8000)
 End Bits:   [0x00000000149a8000, 0x0000000016940000)

Polling page: 0x0000000001100000

CodeCache: size=245760Kb used=1276Kb max_used=1283Kb free=244483Kb
 bounds [0x0000000002ba0000, 0x0000000002e10000, 0x0000000011ba0000]
 total_blobs=357 nmethods=106 adapters=165
 compilation: enabled

Compilation events (10 events):
Event: 5.706 Thread 0x0000000017718800  102       3       java.lang.StringBuilder::append (8 bytes)
Event: 5.706 Thread 0x0000000017718800 nmethod 102 0x0000000002cd4590 code [0x0000000002cd4700, 0x0000000002cd4888]
Event: 5.706 Thread 0x0000000017718800  103       3       java.lang.AbstractStringBuilder::append (62 bytes)
Event: 5.707 Thread 0x0000000017718800 nmethod 103 0x0000000002cd5c50 code [0x0000000002cd5e20, 0x0000000002cd6468]
Event: 6.723 Thread 0x0000000017718800  104       1       java.util.ArrayList::access$100 (5 bytes)
Event: 6.723 Thread 0x0000000017718800 nmethod 104 0x0000000002cd5990 code [0x0000000002cd5ae0, 0x0000000002cd5bd0]
Event: 7.749 Thread 0x0000000017718800  106       3       java.lang.Integer::getChars (131 bytes)
Event: 7.749 Thread 0x0000000017718800 nmethod 106 0x0000000002cd9190 code [0x0000000002cd9320, 0x0000000002cd9790]
Event: 7.749 Thread 0x0000000017718800  105       1       java.net.InetAddress::holder (5 bytes)
Event: 7.749 Thread 0x0000000017718800 nmethod 105 0x0000000002cd56d0 code [0x0000000002cd5820, 0x0000000002cd5930]

GC Heap History (4 events):
Event: 0.096 GC heap before
{Heap before GC invocations=1 (full 0):
 PSYoungGen      total 1024K, used 512K [0x00000000d5e00000, 0x00000000d5f80000, 0x0000000100000000)
  eden space 512K, 100% used [0x00000000d5e00000,0x00000000d5e80000,0x00000000d5e80000)
  from space 512K, 0% used [0x00000000d5f00000,0x00000000d5f00000,0x00000000d5f80000)
  to   space 512K, 0% used [0x00000000d5e80000,0x00000000d5e80000,0x00000000d5f00000)
 ParOldGen       total 129536K, used 0K [0x0000000081a00000, 0x0000000089880000, 0x00000000d5e00000)
  object space 129536K, 0% used [0x0000000081a00000,0x0000000081a00000,0x0000000089880000)
 Metaspace       used 2726K, capacity 4500K, committed 4864K, reserved 1056768K
  class space    used 305K, capacity 388K, committed 512K, reserved 1048576K
Event: 0.098 GC heap after
Heap after GC invocations=1 (full 0):
 PSYoungGen      total 1024K, used 384K [0x00000000d5e00000, 0x00000000d6000000, 0x0000000100000000)
  eden space 512K, 0% used [0x00000000d5e00000,0x00000000d5e00000,0x00000000d5e80000)
  from space 512K, 75% used [0x00000000d5e80000,0x00000000d5ee0000,0x00000000d5f00000)
  to   space 512K, 0% used [0x00000000d5f80000,0x00000000d5f80000,0x00000000d6000000)
 ParOldGen       total 129536K, used 8K [0x0000000081a00000, 0x0000000089880000, 0x00000000d5e00000)
  object space 129536K, 0% used [0x0000000081a00000,0x0000000081a02000,0x0000000089880000)
 Metaspace       used 2726K, capacity 4500K, committed 4864K, reserved 1056768K
  class space    used 305K, capacity 388K, committed 512K, reserved 1048576K
}
Event: 2.653 GC heap before
{Heap before GC invocations=2 (full 0):
 PSYoungGen      total 1024K, used 896K [0x00000000d5e00000, 0x00000000d6000000, 0x0000000100000000)
  eden space 512K, 100% used [0x00000000d5e00000,0x00000000d5e80000,0x00000000d5e80000)
  from space 512K, 75% used [0x00000000d5e80000,0x00000000d5ee0000,0x00000000d5f00000)
  to   space 512K, 0% used [0x00000000d5f80000,0x00000000d5f80000,0x00000000d6000000)
 ParOldGen       total 129536K, used 8K [0x0000000081a00000, 0x0000000089880000, 0x00000000d5e00000)
  object space 129536K, 0% used [0x0000000081a00000,0x0000000081a02000,0x0000000089880000)
 Metaspace       used 3374K, capacity 4630K, committed 4864K, reserved 1056768K
  class space    used 388K, capacity 429K, committed 512K, reserved 1048576K
Event: 2.654 GC heap after
Heap after GC invocations=2 (full 0):
 PSYoungGen      total 1024K, used 496K [0x00000000d5e00000, 0x00000000d6000000, 0x0000000100000000)
  eden space 512K, 0% used [0x00000000d5e00000,0x00000000d5e00000,0x00000000d5e80000)
  from space 512K, 96% used [0x00000000d5f80000,0x00000000d5ffc010,0x00000000d6000000)
  to   space 512K, 0% used [0x00000000d5e80000,0x00000000d5e80000,0x00000000d5f00000)
 ParOldGen       total 129536K, used 40K [0x0000000081a00000, 0x0000000089880000, 0x00000000d5e00000)
  object space 129536K, 0% used [0x0000000081a00000,0x0000000081a0a000,0x0000000089880000)
 Metaspace       used 3374K, capacity 4630K, committed 4864K, reserved 1056768K
  class space    used 388K, capacity 429K, committed 512K, reserved 1048576K
}

Deoptimization events (0 events):
No events

Internal exceptions (10 events):
Event: 0.118 Thread 0x0000000018fdb000 Exception <a 'java/security/PrivilegedActionException'> (0x00000000d5e24aa8) thrown at [D:\re\workspace\8-2-build-windows-amd64-cygwin\jdk8u5\2488\hotspot\src\share\vm\prims\jvm.cpp, line 1248]
Event: 0.118 Thread 0x0000000018fdb000 Exception <a 'java/security/PrivilegedActionException'> (0x00000000d5e280b8) thrown at [D:\re\workspace\8-2-build-windows-amd64-cygwin\jdk8u5\2488\hotspot\src\share\vm\prims\jvm.cpp, line 1248]
Event: 0.119 Thread 0x0000000018fdb000 Exception <a 'java/security/PrivilegedActionException'> (0x00000000d5e2a3b8) thrown at [D:\re\workspace\8-2-build-windows-amd64-cygwin\jdk8u5\2488\hotspot\src\share\vm\prims\jvm.cpp, line 1248]
Event: 0.119 Thread 0x0000000018fdb000 Exception <a 'java/security/PrivilegedActionException'> (0x00000000d5e2c3b8) thrown at [D:\re\workspace\8-2-build-windows-amd64-cygwin\jdk8u5\2488\hotspot\src\share\vm\prims\jvm.cpp, line 1248]
Event: 2.633 Thread 0x0000000018fdb000 Exception <a 'java/security/PrivilegedActionException'> (0x00000000d5e32248) thrown at [D:\re\workspace\8-2-build-windows-amd64-cygwin\jdk8u5\2488\hotspot\src\share\vm\prims\jvm.cpp, line 1248]
Event: 2.644 Thread 0x0000000018fdb000 Exception <a 'java/security/PrivilegedActionException'> (0x00000000d5e50d20) thrown at [D:\re\workspace\8-2-build-windows-amd64-cygwin\jdk8u5\2488\hotspot\src\share\vm\prims\jvm.cpp, line 1248]
Event: 2.644 Thread 0x0000000018fdb000 Exception <a 'java/security/PrivilegedActionException'> (0x00000000d5e52a68) thrown at [D:\re\workspace\8-2-build-windows-amd64-cygwin\jdk8u5\2488\hotspot\src\share\vm\prims\jvm.cpp, line 1248]
Event: 2.645 Thread 0x0000000018fdb000 Exception <a 'java/security/PrivilegedActionException'> (0x00000000d5e5b8f8) thrown at [D:\re\workspace\8-2-build-windows-amd64-cygwin\jdk8u5\2488\hotspot\src\share\vm\prims\jvm.cpp, line 1248]
Event: 2.664 Thread 0x0000000018fdb000 Exception <a 'java/security/PrivilegedActionException'> (0x00000000d5e2c798) thrown at [D:\re\workspace\8-2-build-windows-amd64-cygwin\jdk8u5\2488\hotspot\src\share\vm\prims\jvm.cpp, line 1248]
Event: 5.087 Thread 0x0000000018fef800 Exception <a 'java/security/PrivilegedActionException'> (0x00000000d5e30488) thrown at [D:\re\workspace\8-2-build-windows-amd64-cygwin\jdk8u5\2488\hotspot\src\share\vm\prims\jvm.cpp, line 1248]

Events (10 events):
Event: 5.087 loading class com/example/bcast/processer/Processer done
Event: 5.088 loading class java/util/concurrent/ConcurrentLinkedQueue
Event: 5.088 loading class java/util/AbstractQueue
Event: 5.088 loading class java/util/AbstractQueue done
Event: 5.088 loading class java/util/concurrent/ConcurrentLinkedQueue done
Event: 5.088 loading class java/util/concurrent/ConcurrentLinkedQueue$Node
Event: 5.089 loading class java/util/concurrent/ConcurrentLinkedQueue$Node done
Event: 5.089 Thread 0x0000000019075000 Thread added: 0x0000000019075000
Event: 5.113 Thread 0x0000000019075000 DEOPT PACKING pc=0x0000000002cdbbfd sp=0x0000000019a5f0a0
Event: 5.113 Thread 0x0000000019075000 DEOPT UNPACKING pc=0x0000000002be7604 sp=0x0000000019a5ee88 mode 0


Dynamic libraries:
0x00007ff718560000 - 0x00007ff718594000 	C:\Program Files\Java\jre8\bin\javaw.exe
0x00007ff97ebe0000 - 0x00007ff97ed8a000 	C:\Windows\SYSTEM32\ntdll.dll
0x00007ff97cc50000 - 0x00007ff97cd8a000 	C:\Windows\system32\KERNEL32.DLL
0x00007ff97c020000 - 0x00007ff97c12f000 	C:\Windows\system32\KERNELBASE.dll
0x00007ff97ab80000 - 0x00007ff97ac08000 	C:\Windows\system32\apphelp.dll
0x00007ff96ce00000 - 0x00007ff96ce4f000 	C:\Windows\AppPatch\AppPatch64\AcGenral.DLL
0x00007ff97cdf0000 - 0x00007ff97ce97000 	C:\Windows\system32\msvcrt.dll
0x00007ff97bc90000 - 0x00007ff97bcbb000 	C:\Windows\SYSTEM32\SspiCli.dll
0x00007ff97cbe0000 - 0x00007ff97cc31000 	C:\Windows\system32\SHLWAPI.dll
0x00007ff97e6b0000 - 0x00007ff97e821000 	C:\Windows\system32\USER32.dll
0x00007ff97c4d0000 - 0x00007ff97c648000 	C:\Windows\system32\ole32.dll
0x00007ff97d080000 - 0x00007ff97e4a0000 	C:\Windows\system32\SHELL32.dll
0x00007ff97b5e0000 - 0x00007ff97b5fe000 	C:\Windows\SYSTEM32\USERENV.dll
0x00007ff97e9f0000 - 0x00007ff97ea95000 	C:\Windows\system32\ADVAPI32.dll
0x00007ff971790000 - 0x00007ff9717ab000 	C:\Windows\SYSTEM32\MPR.dll
0x00007ff97e4a0000 - 0x00007ff97e5d6000 	C:\Windows\system32\RPCRT4.dll
0x00007ff97c470000 - 0x00007ff97c4c7000 	C:\Windows\SYSTEM32\sechost.dll
0x00007ff97cea0000 - 0x00007ff97d076000 	C:\Windows\SYSTEM32\combase.dll
0x00007ff97c650000 - 0x00007ff97c794000 	C:\Windows\system32\GDI32.dll
0x00007ff97bf50000 - 0x00007ff97bf64000 	C:\Windows\SYSTEM32\profapi.dll
0x00007ff97a370000 - 0x00007ff97a40f000 	C:\Windows\SYSTEM32\SHCORE.dll
0x00007ff97e9b0000 - 0x00007ff97e9e4000 	C:\Windows\system32\IMM32.DLL
0x00007ff97eaa0000 - 0x00007ff97ebd9000 	C:\Windows\system32\MSCTF.dll
0x00007ff9798e0000 - 0x00007ff979b3a000 	C:\Windows\WinSxS\amd64_microsoft.windows.common-controls_6595b64144ccf1df_6.0.9600.17031_none_6242a4b3ecbb55a1\COMCTL32.dll
0x00000000535c0000 - 0x0000000053692000 	C:\Program Files\Java\jre8\bin\msvcr100.dll
0x0000000052d90000 - 0x00000000535ba000 	C:\Program Files\Java\jre8\bin\server\jvm.dll
0x00007ff965600000 - 0x00007ff965609000 	C:\Windows\SYSTEM32\WSOCK32.dll
0x00007ff9785e0000 - 0x00007ff9785ff000 	C:\Windows\SYSTEM32\WINMM.dll
0x00007ff97c460000 - 0x00007ff97c467000 	C:\Windows\system32\PSAPI.DLL
0x00007ff97e840000 - 0x00007ff97e898000 	C:\Windows\system32\WS2_32.dll
0x00007ff9785b0000 - 0x00007ff9785da000 	C:\Windows\SYSTEM32\WINMMBASE.dll
0x00007ff97e830000 - 0x00007ff97e839000 	C:\Windows\system32\NSI.dll
0x00007ff97c130000 - 0x00007ff97c17a000 	C:\Windows\SYSTEM32\cfgmgr32.dll
0x00007ff97add0000 - 0x00007ff97adf6000 	C:\Windows\SYSTEM32\DEVOBJ.dll
0x0000000052d80000 - 0x0000000052d8f000 	C:\Program Files\Java\jre8\bin\verify.dll
0x0000000052d50000 - 0x0000000052d78000 	C:\Program Files\Java\jre8\bin\java.dll
0x0000000052d30000 - 0x0000000052d46000 	C:\Program Files\Java\jre8\bin\zip.dll
0x0000000052d10000 - 0x0000000052d2a000 	C:\Program Files\Java\jre8\bin\net.dll
0x00007ff97b880000 - 0x00007ff97b8d8000 	C:\Windows\system32\mswsock.dll
0x00007ff978ed0000 - 0x00007ff978ef9000 	C:\Windows\SYSTEM32\IPHLPAPI.DLL
0x00007ff97a410000 - 0x00007ff97a41a000 	C:\Windows\SYSTEM32\WINNSI.DLL
0x00007ff975970000 - 0x00007ff975984000 	C:\Windows\SYSTEM32\dhcpcsvc6.DLL
0x00007ff975ae0000 - 0x00007ff975af9000 	C:\Windows\SYSTEM32\dhcpcsvc.DLL
0x00007ff95a4b0000 - 0x00007ff95a638000 	C:\Windows\SYSTEM32\dbghelp.dll

VM Arguments:
jvm_args: -Dfile.encoding=Cp1252 
java_command: com.example.bcast.Main
java_class_path (initial): D:\Dissertation\Server\second version\Server\bin
Launcher Type: SUN_STANDARD

Environment Variables:
PATH=C:\Program Files (x86)\Intel\iCLS Client\;C:\Program Files\Intel\iCLS Client\;C:\Windows\system32;C:\Windows;C:\Windows\System32\Wbem;C:\Windows\System32\WindowsPowerShell\v1.0\;C:\Program Files (x86)\ATI Technologies\ATI.ACE\Core-Static;C:\Program Files\Intel\Intel(R) Management Engine Components\DAL;C:\Program Files\Intel\Intel(R) Management Engine Components\IPT;C:\Program Files (x86)\Intel\Intel(R) Management Engine Components\DAL;C:\Program Files (x86)\Intel\Intel(R) Management Engine Components\IPT;C:\Program Files\wamp\bin\php\php5.4.12;C:\ProgramData\ComposerSetup\bin;C:\Program Files (x86)\Subversion\bin
USERNAME=Radu
OS=Windows_NT
PROCESSOR_IDENTIFIER=Intel64 Family 6 Model 69 Stepping 1, GenuineIntel



---------------  S Y S T E M  ---------------

OS: Windows 8.1 , 64 bit Build 9600 

CPU:total 4 (2 cores per cpu, 2 threads per core) family 6 model 69 stepping 1, cmov, cx8, fxsr, mmx, sse, sse2, sse3, ssse3, sse4.1, sse4.2, popcnt, avx, avx2, aes, clmul, erms, ht, tsc, tscinvbit

Memory: 4k page, physical 8274284k(2509200k free), swap 16662892k(8536040k free)

vm_info: Java HotSpot(TM) 64-Bit Server VM (25.5-b02) for windows-amd64 JRE (1.8.0_05-b13), built on Mar 18 2014 01:08:39 by "java_re" with MS VC++ 10.0 (VS2010)

time: Tue Jul 08 12:14:31 2014
elapsed time: 8 seconds

